<?xml version="1.0" encoding="UTF-8"?>
<!-- Generated by org.testng.reporters.JUnitReportReporter -->
<testsuite hostname="BISCUITS-LAPTOP" failures="0" tests="1" name="com.EStoreBazzarFresh.qa.Test.EStoreRegistrationTest" time="14.195" errors="0" timestamp="2024-04-08T18:48:02 IST" skipped="0">
  <testcase classname="com.EStoreBazzarFresh.qa.Test.EStoreRegistrationTest" name="verifyRegistrationTest" time="14.195"/>
  <system-out/>
</testsuite> <!-- com.EStoreBazzarFresh.qa.Test.EStoreRegistrationTest -->
