<?xml version="1.0" encoding="UTF-8"?>
<!-- Generated by org.testng.reporters.JUnitReportReporter -->
<testsuite hostname="BISCUITS-LAPTOP" failures="0" tests="1" name="com.EStoreBazzarFresh.qa.Test.EStoreLoginTest" time="10.159" errors="0" timestamp="2024-04-08T18:40:36 IST" skipped="0">
  <testcase classname="com.EStoreBazzarFresh.qa.Test.EStoreLoginTest" name="VerifyLoginIntoApplication" time="10.159"/>
  <system-out/>
</testsuite> <!-- com.EStoreBazzarFresh.qa.Test.EStoreLoginTest -->
