<?xml version="1.0" encoding="UTF-8"?>
<!-- Generated by org.testng.reporters.JUnitReportReporter -->
<testsuite hostname="BISCUITS-LAPTOP" failures="0" tests="1" name="com.EStoreBazzarFresh.qa.Test.EStoreAddToCartTest" time="28.129" errors="0" timestamp="2024-04-09T15:37:09 IST" skipped="0">
  <testcase classname="com.EStoreBazzarFresh.qa.Test.EStoreAddToCartTest" name="VerifyAddToCartTest" time="28.129"/>
  <system-out/>
</testsuite> <!-- com.EStoreBazzarFresh.qa.Test.EStoreAddToCartTest -->
