<?xml version="1.0" encoding="UTF-8"?>
<!-- Generated by org.testng.reporters.JUnitReportReporter -->
<testsuite hostname="BISCUITS-LAPTOP" failures="0" tests="1" name="com.EStoreBazzarFresh.qa.Test.EStoreBazzarFreshCheckoutTest" time="3.905" errors="0" timestamp="2024-04-09T15:37:09 IST" skipped="0">
  <testcase classname="com.EStoreBazzarFresh.qa.Test.EStoreBazzarFreshCheckoutTest" name="VerifyCheckoutTest" time="3.905"/>
  <system-out/>
</testsuite> <!-- com.EStoreBazzarFresh.qa.Test.EStoreBazzarFreshCheckoutTest -->
